<?xml version="1.0" encoding="utf-8"?><testsuites name="pytest tests"><testsuite name="pytest" errors="0" failures="0" skipped="0" tests="25" time="8.794" timestamp="2026-05-15T20:54:12.199525+00:00" hostname="agent-env-3b978f91-ae08-4645-8ab8-6873e3146af0"><testcase classname="backend.tests.test_iteration4.TestSuperAdminLogin" name="test_sunday_super_admin_role" time="0.360" /><testcase classname="backend.tests.test_iteration4.TestIntegrations" name="test_list_requires_super" time="0.444" /><testcase classname="backend.tests.test_iteration4.TestIntegrations" name="test_list_super" time="0.466" /><testcase classname="backend.tests.test_iteration4.TestIntegrations" name="test_set_public_label_unmasked" time="0.236" /><testcase classname="backend.tests.test_iteration4.TestIntegrations" name="test_set_secret_label_masked" time="0.224" /><testcase classname="backend.tests.test_iteration4.TestIntegrations" name="test_public_integrations_unauth" time="0.104" /><testcase classname="backend.tests.test_iteration4.TestIntegrations" name="test_vapid_auto_generate" time="0.255" /><testcase classname="backend.tests.test_iteration4.TestIntegrations" name="test_resend_fallback_no_key" time="0.213" /><testcase classname="backend.tests.test_iteration4.TestIntegrations" name="test_resend_bad_key_fails" time="0.573" /><testcase classname="backend.tests.test_iteration4.TestPasswordReset" name="test_forgot_unknown_email_silent" time="0.118" /><testcase classname="backend.tests.test_iteration4.TestPasswordReset" name="test_full_reset_flow" time="1.608" /><testcase classname="backend.tests.test_iteration4.TestPasswordReset" name="test_invalid_token" time="0.101" /><testcase classname="backend.tests.test_iteration4.TestShepherdEndorsement" name="test_endorse_member" time="1.708" /><testcase classname="backend.tests.test_iteration4.TestShepherdEndorsement" name="test_revoke_requires_super" time="0.106" /><testcase classname="backend.tests.test_iteration4.TestMultiParishAssignment" name="test_assign_parishes" time="0.679" /><testcase classname="backend.tests.test_iteration4.TestMultiParishAssignment" name="test_assign_requires_super" time="0.112" /><testcase classname="backend.tests.test_iteration4.TestUploads" name="test_upload_inline_fallback" time="0.231" /><testcase classname="backend.tests.test_iteration4.TestUploads" name="test_upload_requires_auth" time="0.108" /><testcase classname="backend.tests.test_iteration4.TestUploads" name="test_upload_bad_base64" time="0.106" /><testcase classname="backend.tests.test_iteration4.TestPush" name="test_subscribe_and_test" time="0.319" /><testcase classname="backend.tests.test_iteration4.TestPush" name="test_subscribe_requires_auth" time="0.115" /><testcase classname="backend.tests.test_iteration4.TestWebSocket" name="test_ws_rejects_no_token" time="0.146" /><testcase classname="backend.tests.test_iteration4.TestWebSocket" name="test_ws_connect_with_token_and_echo" time="0.345" /><testcase classname="backend.tests.test_iteration4.TestCORS" name="test_cors_allowed_origin" time="0.002" /><testcase classname="backend.tests.test_iteration4.TestCORS" name="test_cors_disallowed_origin" time="0.002" /></testsuite></testsuites>