<?xml version="1.0" encoding="utf-8"?><testsuites name="pytest tests"><testsuite name="pytest" errors="0" failures="0" skipped="0" tests="83" time="66.829" timestamp="2026-05-15T20:54:34.094059+00:00" hostname="agent-env-3b978f91-ae08-4645-8ab8-6873e3146af0"><testcase classname="backend.tests.backend_test.TestHealth" name="test_health" time="0.190" /><testcase classname="backend.tests.backend_test.TestAuth" name="test_login_super" time="0.350" /><testcase classname="backend.tests.backend_test.TestAuth" name="test_login_parish_admin" time="0.329" /><testcase classname="backend.tests.backend_test.TestAuth" name="test_login_member" time="0.337" /><testcase classname="backend.tests.backend_test.TestAuth" name="test_login_invalid" time="0.342" /><testcase classname="backend.tests.backend_test.TestAuth" name="test_me_requires_auth" time="0.098" /><testcase classname="backend.tests.backend_test.TestAuth" name="test_me_with_bearer" time="0.437" /><testcase classname="backend.tests.backend_test.TestAuth" name="test_register_and_token" time="0.448" /><testcase classname="backend.tests.backend_test.TestAuth" name="test_register_duplicate" time="0.109" /><testcase classname="backend.tests.backend_test.TestAuth" name="test_refresh" time="0.348" /><testcase classname="backend.tests.backend_test.TestAuth" name="test_logout" time="0.198" /><testcase classname="backend.tests.backend_test.TestSettings" name="test_ccc_ranks_seeded" time="0.197" /><testcase classname="backend.tests.backend_test.TestSettings" name="test_other_settings_seeded[badges]" time="0.155" /><testcase classname="backend.tests.backend_test.TestSettings" name="test_other_settings_seeded[event_categories]" time="0.158" /><testcase classname="backend.tests.backend_test.TestSettings" name="test_other_settings_seeded[service_types]" time="0.184" /><testcase classname="backend.tests.backend_test.TestSettings" name="test_other_settings_seeded[prayer_categories]" time="0.190" /><testcase classname="backend.tests.backend_test.TestSettings" name="test_other_settings_seeded[job_categories]" time="0.170" /><testcase classname="backend.tests.backend_test.TestSettings" name="test_other_settings_seeded[report_reasons]" time="0.168" /><testcase classname="backend.tests.backend_test.TestSettings" name="test_unknown_key" time="0.164" /><testcase classname="backend.tests.backend_test.TestSettings" name="test_settings_post_requires_super" time="0.168" /><testcase classname="backend.tests.backend_test.TestSettings" name="test_settings_post_super_ok" time="0.722" /><testcase classname="backend.tests.backend_test.TestParishes" name="test_list_seeded" time="0.183" /><testcase classname="backend.tests.backend_test.TestParishes" name="test_filter_country" time="0.162" /><testcase classname="backend.tests.backend_test.TestParishes" name="test_nearby_priority" time="0.175" /><testcase classname="backend.tests.backend_test.TestParishes" name="test_get_one" time="0.325" /><testcase classname="backend.tests.backend_test.TestParishes" name="test_create_requires_admin" time="0.177" /><testcase classname="backend.tests.backend_test.TestParishes" name="test_create_and_delete" time="0.326" /><testcase classname="backend.tests.backend_test.TestParishes" name="test_delete_member_forbidden" time="0.166" /><testcase classname="backend.tests.backend_test.TestMemberships" name="test_request_duplicate" time="0.168" /><testcase classname="backend.tests.backend_test.TestMemberships" name="test_two_max" time="0.338" /><testcase classname="backend.tests.backend_test.TestMemberships" name="test_pending_admin_only" time="0.721" /><testcase classname="backend.tests.backend_test.TestMemberships" name="test_approve_flow" time="0.919" /><testcase classname="backend.tests.backend_test.TestPosts" name="test_member_parish_post" time="0.162" /><testcase classname="backend.tests.backend_test.TestPosts" name="test_member_non_member_parish_forbidden" time="0.158" /><testcase classname="backend.tests.backend_test.TestPosts" name="test_global_post" time="0.198" /><testcase classname="backend.tests.backend_test.TestPosts" name="test_list_posts" time="0.175" /><testcase classname="backend.tests.backend_test.TestPosts" name="test_comments_and_reactions" time="0.578" /><testcase classname="backend.tests.backend_test.TestPrayers" name="test_create_global" time="0.167" /><testcase classname="backend.tests.backend_test.TestPrayers" name="test_create_parish_non_member_forbidden" time="0.163" /><testcase classname="backend.tests.backend_test.TestPrayers" name="test_prayed_idempotent" time="0.486" /><testcase classname="backend.tests.backend_test.TestTestimonies" name="test_create_and_list" time="0.363" /><testcase classname="backend.tests.backend_test.TestEvents" name="test_member_cannot_create" time="0.166" /><testcase classname="backend.tests.backend_test.TestEvents" name="test_admin_create_and_rsvp" time="0.335" /><testcase classname="backend.tests.backend_test.TestChoir" name="test_join_requires_parish_membership" time="0.565" /><testcase classname="backend.tests.backend_test.TestChoir" name="test_member_can_join_and_verify_promote" time="1.311" /><testcase classname="backend.tests.backend_test.TestChoir" name="test_max_two_directors" time="23.037" /><testcase classname="backend.tests.backend_test.TestService" name="test_service_flow" time="0.316" /><testcase classname="backend.tests.backend_test.TestMembers" name="test_list_hides_email" time="0.101" /><testcase classname="backend.tests.backend_test.TestMembers" name="test_follow_idempotent" time="0.337" /><testcase classname="backend.tests.backend_test.TestMessages" name="test_send_and_inbox" time="0.323" /><testcase classname="backend.tests.backend_test.TestJobs" name="test_jobs" time="0.313" /><testcase classname="backend.tests.backend_test.TestNotifications" name="test_list_and_read" time="0.115" /><testcase classname="backend.tests.backend_test.TestAdmin" name="test_users_super_only" time="0.208" /><testcase classname="backend.tests.backend_test.TestAdmin" name="test_set_role" time="0.557" /><testcase classname="backend.tests.backend_test.TestAdmin" name="test_badge_audit" time="0.611" /><testcase classname="backend.tests.backend_test.TestAdmin" name="test_audit_logs_super_only" time="0.106" /><testcase classname="backend.tests.backend_test.TestAdmin" name="test_reports_flow" time="0.424" /><testcase classname="backend.tests.backend_test.TestStats" name="test_home" time="0.106" /><testcase classname="backend.tests.test_iteration4.TestSuperAdminLogin" name="test_sunday_super_admin_role" time="0.330" /><testcase classname="backend.tests.test_iteration4.TestIntegrations" name="test_list_requires_super" time="0.433" /><testcase classname="backend.tests.test_iteration4.TestIntegrations" name="test_list_super" time="0.445" /><testcase classname="backend.tests.test_iteration4.TestIntegrations" name="test_set_public_label_unmasked" time="0.222" /><testcase classname="backend.tests.test_iteration4.TestIntegrations" name="test_set_secret_label_masked" time="0.226" /><testcase classname="backend.tests.test_iteration4.TestIntegrations" name="test_public_integrations_unauth" time="0.106" /><testcase classname="backend.tests.test_iteration4.TestIntegrations" name="test_vapid_auto_generate" time="0.273" /><testcase classname="backend.tests.test_iteration4.TestIntegrations" name="test_resend_fallback_no_key" time="0.248" /><testcase classname="backend.tests.test_iteration4.TestIntegrations" name="test_resend_bad_key_fails" time="0.508" /><testcase classname="backend.tests.test_iteration4.TestPasswordReset" name="test_forgot_unknown_email_silent" time="0.175" /><testcase classname="backend.tests.test_iteration4.TestPasswordReset" name="test_full_reset_flow" time="10.183" /><testcase classname="backend.tests.test_iteration4.TestPasswordReset" name="test_invalid_token" time="0.186" /><testcase classname="backend.tests.test_iteration4.TestShepherdEndorsement" name="test_endorse_member" time="8.596" /><testcase classname="backend.tests.test_iteration4.TestShepherdEndorsement" name="test_revoke_requires_super" time="0.187" /><testcase classname="backend.tests.test_iteration4.TestMultiParishAssignment" name="test_assign_parishes" time="1.930" /><testcase classname="backend.tests.test_iteration4.TestMultiParishAssignment" name="test_assign_requires_super" time="0.169" /><testcase classname="backend.tests.test_iteration4.TestUploads" name="test_upload_inline_fallback" time="0.401" /><testcase classname="backend.tests.test_iteration4.TestUploads" name="test_upload_requires_auth" time="0.167" /><testcase classname="backend.tests.test_iteration4.TestUploads" name="test_upload_bad_base64" time="0.177" /><testcase classname="backend.tests.test_iteration4.TestPush" name="test_subscribe_and_test" time="0.353" /><testcase classname="backend.tests.test_iteration4.TestPush" name="test_subscribe_requires_auth" time="0.162" /><testcase classname="backend.tests.test_iteration4.TestWebSocket" name="test_ws_rejects_no_token" time="0.225" /><testcase classname="backend.tests.test_iteration4.TestWebSocket" name="test_ws_connect_with_token_and_echo" time="0.485" /><testcase classname="backend.tests.test_iteration4.TestCORS" name="test_cors_allowed_origin" time="0.002" /><testcase classname="backend.tests.test_iteration4.TestCORS" name="test_cors_disallowed_origin" time="0.002" /></testsuite></testsuites>