<?xml version="1.0" encoding="utf-8"?><testsuites name="pytest tests"><testsuite name="pytest" errors="0" failures="0" skipped="0" tests="58" time="48.317" timestamp="2026-05-15T20:21:37.930610+00:00" hostname="agent-env-3b978f91-ae08-4645-8ab8-6873e3146af0"><testcase classname="backend.tests.backend_test.TestHealth" name="test_health" time="0.281" /><testcase classname="backend.tests.backend_test.TestAuth" name="test_login_super" time="4.645" /><testcase classname="backend.tests.backend_test.TestAuth" name="test_login_parish_admin" time="0.476" /><testcase classname="backend.tests.backend_test.TestAuth" name="test_login_member" time="0.471" /><testcase classname="backend.tests.backend_test.TestAuth" name="test_login_invalid" time="0.438" /><testcase classname="backend.tests.backend_test.TestAuth" name="test_me_requires_auth" time="0.231" /><testcase classname="backend.tests.backend_test.TestAuth" name="test_me_with_bearer" time="20.034" /><testcase classname="backend.tests.backend_test.TestAuth" name="test_register_and_token" time="0.763" /><testcase classname="backend.tests.backend_test.TestAuth" name="test_register_duplicate" time="0.221" /><testcase classname="backend.tests.backend_test.TestAuth" name="test_refresh" time="0.400" /><testcase classname="backend.tests.backend_test.TestAuth" name="test_logout" time="0.236" /><testcase classname="backend.tests.backend_test.TestSettings" name="test_ccc_ranks_seeded" time="0.221" /><testcase classname="backend.tests.backend_test.TestSettings" name="test_other_settings_seeded[badges]" time="0.421" /><testcase classname="backend.tests.backend_test.TestSettings" name="test_other_settings_seeded[event_categories]" time="0.264" /><testcase classname="backend.tests.backend_test.TestSettings" name="test_other_settings_seeded[service_types]" time="0.217" /><testcase classname="backend.tests.backend_test.TestSettings" name="test_other_settings_seeded[prayer_categories]" time="0.229" /><testcase classname="backend.tests.backend_test.TestSettings" name="test_other_settings_seeded[job_categories]" time="0.292" /><testcase classname="backend.tests.backend_test.TestSettings" name="test_other_settings_seeded[report_reasons]" time="0.203" /><testcase classname="backend.tests.backend_test.TestSettings" name="test_unknown_key" time="0.246" /><testcase classname="backend.tests.backend_test.TestSettings" name="test_settings_post_requires_super" time="0.155" /><testcase classname="backend.tests.backend_test.TestSettings" name="test_settings_post_super_ok" time="0.582" /><testcase classname="backend.tests.backend_test.TestParishes" name="test_list_seeded" time="0.132" /><testcase classname="backend.tests.backend_test.TestParishes" name="test_filter_country" time="0.107" /><testcase classname="backend.tests.backend_test.TestParishes" name="test_nearby_priority" time="0.112" /><testcase classname="backend.tests.backend_test.TestParishes" name="test_get_one" time="0.238" /><testcase classname="backend.tests.backend_test.TestParishes" name="test_create_requires_admin" time="0.122" /><testcase classname="backend.tests.backend_test.TestParishes" name="test_create_and_delete" time="0.209" /><testcase classname="backend.tests.backend_test.TestParishes" name="test_delete_member_forbidden" time="0.104" /><testcase classname="backend.tests.backend_test.TestMemberships" name="test_request_duplicate" time="0.106" /><testcase classname="backend.tests.backend_test.TestMemberships" name="test_two_max" time="0.211" /><testcase classname="backend.tests.backend_test.TestMemberships" name="test_pending_admin_only" time="0.555" /><testcase classname="backend.tests.backend_test.TestMemberships" name="test_approve_flow" time="0.742" /><testcase classname="backend.tests.backend_test.TestPosts" name="test_member_parish_post" time="0.124" /><testcase classname="backend.tests.backend_test.TestPosts" name="test_member_non_member_parish_forbidden" time="0.094" /><testcase classname="backend.tests.backend_test.TestPosts" name="test_global_post" time="0.144" /><testcase classname="backend.tests.backend_test.TestPosts" name="test_list_posts" time="0.112" /><testcase classname="backend.tests.backend_test.TestPosts" name="test_comments_and_reactions" time="0.351" /><testcase classname="backend.tests.backend_test.TestPrayers" name="test_create_global" time="0.106" /><testcase classname="backend.tests.backend_test.TestPrayers" name="test_create_parish_non_member_forbidden" time="0.104" /><testcase classname="backend.tests.backend_test.TestPrayers" name="test_prayed_idempotent" time="0.339" /><testcase classname="backend.tests.backend_test.TestTestimonies" name="test_create_and_list" time="0.237" /><testcase classname="backend.tests.backend_test.TestEvents" name="test_member_cannot_create" time="0.119" /><testcase classname="backend.tests.backend_test.TestEvents" name="test_admin_create_and_rsvp" time="0.264" /><testcase classname="backend.tests.backend_test.TestChoir" name="test_join_requires_parish_membership" time="0.454" /><testcase classname="backend.tests.backend_test.TestChoir" name="test_member_can_join_and_verify_promote" time="0.922" /><testcase classname="backend.tests.backend_test.TestChoir" name="test_max_two_directors" time="3.339" /><testcase classname="backend.tests.backend_test.TestService" name="test_service_flow" time="0.750" /><testcase classname="backend.tests.backend_test.TestMembers" name="test_list_hides_email" time="0.284" /><testcase classname="backend.tests.backend_test.TestMembers" name="test_follow_idempotent" time="0.715" /><testcase classname="backend.tests.backend_test.TestMessages" name="test_send_and_inbox" time="0.708" /><testcase classname="backend.tests.backend_test.TestJobs" name="test_jobs" time="0.688" /><testcase classname="backend.tests.backend_test.TestNotifications" name="test_list_and_read" time="0.228" /><testcase classname="backend.tests.backend_test.TestAdmin" name="test_users_super_only" time="0.558" /><testcase classname="backend.tests.backend_test.TestAdmin" name="test_set_role" time="1.141" /><testcase classname="backend.tests.backend_test.TestAdmin" name="test_badge_audit" time="0.980" /><testcase classname="backend.tests.backend_test.TestAdmin" name="test_audit_logs_super_only" time="0.224" /><testcase classname="backend.tests.backend_test.TestAdmin" name="test_reports_flow" time="1.313" /><testcase classname="backend.tests.backend_test.TestStats" name="test_home" time="0.213" /></testsuite></testsuites>